<?xml version="1.0" encoding="UTF-8"?>
<definitions xmlns="http://www.omg.org/spec/BPMN/20100524/MODEL" xmlns:xsi="http://www.w3.org/2001/XMLSchema-instance" xmlns:xsd="http://www.w3.org/2001/XMLSchema" xmlns:activiti="http://activiti.org/bpmn" xmlns:bpmndi="http://www.omg.org/spec/BPMN/20100524/DI" xmlns:omgdc="http://www.omg.org/spec/DD/20100524/DC" xmlns:omgdi="http://www.omg.org/spec/DD/20100524/DI" typeLanguage="http://www.w3.org/2001/XMLSchema" expressionLanguage="http://www.w3.org/1999/XPath" targetNamespace="http://www.activiti.org/test">
  <process id="test-firma" name="Test Firma" isExecutable="true">
    <startEvent id="startevent1" name="Start"></startEvent>
    <endEvent id="endevent1" name="End"></endEvent>
    <userTask id="firma" name="Firma" activiti:candidateGroups="ROLE_USER"></userTask>
    <userTask id="usertask1" name="User Task" activiti:candidateGroups="ROLE_USER"></userTask>
    <sequenceFlow id="flow3" sourceRef="startevent1" targetRef="usertask1"></sequenceFlow>
    <sequenceFlow id="flow4" sourceRef="usertask1" targetRef="firma"></sequenceFlow>
    <userTask id="usertask2" name="User Task" activiti:candidateGroups="ROLE_USER"></userTask>
    <sequenceFlow id="flow5" name="Firma" sourceRef="exclusivegateway1" targetRef="usertask2">
      <extensionElements>
        <activiti:executionListener event="take" class="it.cnr.si.flows.ng.listeners.FirmaDocumento">
          <activiti:field name="nomeFileDaFirmare">
            <activiti:string><![CDATA[decisioneacontrattare]]></activiti:string>
          </activiti:field>
        </activiti:executionListener>
      </extensionElements>
    </sequenceFlow>
    <sequenceFlow id="flow6" sourceRef="usertask2" targetRef="endevent1"></sequenceFlow>
    <exclusiveGateway id="exclusivegateway1" name="Exclusive Gateway" default="flow5"></exclusiveGateway>
    <sequenceFlow id="flow7" sourceRef="firma" targetRef="exclusivegateway1"></sequenceFlow>
    <sequenceFlow id="flow8" name="Modifica" sourceRef="exclusivegateway1" targetRef="usertask1">
      <conditionExpression xsi:type="tFormalExpression"><![CDATA[${sceltaUtente == 'Modifica'}]]></conditionExpression>
    </sequenceFlow>
    <sequenceFlow id="flow9" name="Annulla" sourceRef="exclusivegateway1" targetRef="endevent1">
      <conditionExpression xsi:type="tFormalExpression"><![CDATA[${sceltaUtente == 'Annulla'}]]></conditionExpression>
    </sequenceFlow>
  </process>
  <bpmndi:BPMNDiagram id="BPMNDiagram_test-firma">
    <bpmndi:BPMNPlane bpmnElement="test-firma" id="BPMNPlane_test-firma">
      <bpmndi:BPMNShape bpmnElement="startevent1" id="BPMNShape_startevent1">
        <omgdc:Bounds height="35.0" width="35.0" x="101.0" y="182.0"></omgdc:Bounds>
      </bpmndi:BPMNShape>
      <bpmndi:BPMNShape bpmnElement="endevent1" id="BPMNShape_endevent1">
        <omgdc:Bounds height="35.0" width="35.0" x="690.0" y="182.0"></omgdc:Bounds>
      </bpmndi:BPMNShape>
      <bpmndi:BPMNShape bpmnElement="firma" id="BPMNShape_firma">
        <omgdc:Bounds height="55.0" width="105.0" x="330.0" y="172.0"></omgdc:Bounds>
      </bpmndi:BPMNShape>
      <bpmndi:BPMNShape bpmnElement="usertask1" id="BPMNShape_usertask1">
        <omgdc:Bounds height="55.0" width="105.0" x="181.0" y="172.0"></omgdc:Bounds>
      </bpmndi:BPMNShape>
      <bpmndi:BPMNShape bpmnElement="usertask2" id="BPMNShape_usertask2">
        <omgdc:Bounds height="55.0" width="105.0" x="545.0" y="172.0"></omgdc:Bounds>
      </bpmndi:BPMNShape>
      <bpmndi:BPMNShape bpmnElement="exclusivegateway1" id="BPMNShape_exclusivegateway1">
        <omgdc:Bounds height="40.0" width="40.0" x="472.0" y="179.0"></omgdc:Bounds>
      </bpmndi:BPMNShape>
      <bpmndi:BPMNEdge bpmnElement="flow3" id="BPMNEdge_flow3">
        <omgdi:waypoint x="136.0" y="199.0"></omgdi:waypoint>
        <omgdi:waypoint x="181.0" y="199.0"></omgdi:waypoint>
      </bpmndi:BPMNEdge>
      <bpmndi:BPMNEdge bpmnElement="flow4" id="BPMNEdge_flow4">
        <omgdi:waypoint x="286.0" y="199.0"></omgdi:waypoint>
        <omgdi:waypoint x="330.0" y="199.0"></omgdi:waypoint>
      </bpmndi:BPMNEdge>
      <bpmndi:BPMNEdge bpmnElement="flow5" id="BPMNEdge_flow5">
        <omgdi:waypoint x="512.0" y="199.0"></omgdi:waypoint>
        <omgdi:waypoint x="545.0" y="199.0"></omgdi:waypoint>
        <bpmndi:BPMNLabel>
          <omgdc:Bounds height="14.0" width="100.0" x="512.0" y="199.0"></omgdc:Bounds>
        </bpmndi:BPMNLabel>
      </bpmndi:BPMNEdge>
      <bpmndi:BPMNEdge bpmnElement="flow6" id="BPMNEdge_flow6">
        <omgdi:waypoint x="650.0" y="199.0"></omgdi:waypoint>
        <omgdi:waypoint x="690.0" y="199.0"></omgdi:waypoint>
      </bpmndi:BPMNEdge>
      <bpmndi:BPMNEdge bpmnElement="flow7" id="BPMNEdge_flow7">
        <omgdi:waypoint x="435.0" y="199.0"></omgdi:waypoint>
        <omgdi:waypoint x="472.0" y="199.0"></omgdi:waypoint>
      </bpmndi:BPMNEdge>
      <bpmndi:BPMNEdge bpmnElement="flow8" id="BPMNEdge_flow8">
        <omgdi:waypoint x="492.0" y="179.0"></omgdi:waypoint>
        <omgdi:waypoint x="491.0" y="115.0"></omgdi:waypoint>
        <omgdi:waypoint x="233.0" y="115.0"></omgdi:waypoint>
        <omgdi:waypoint x="233.0" y="172.0"></omgdi:waypoint>
        <bpmndi:BPMNLabel>
          <omgdc:Bounds height="14.0" width="100.0" x="501.0" y="141.0"></omgdc:Bounds>
        </bpmndi:BPMNLabel>
      </bpmndi:BPMNEdge>
      <bpmndi:BPMNEdge bpmnElement="flow9" id="BPMNEdge_flow9">
        <omgdi:waypoint x="492.0" y="219.0"></omgdi:waypoint>
        <omgdi:waypoint x="492.0" y="293.0"></omgdi:waypoint>
        <omgdi:waypoint x="707.0" y="293.0"></omgdi:waypoint>
        <omgdi:waypoint x="707.0" y="217.0"></omgdi:waypoint>
        <bpmndi:BPMNLabel>
          <omgdc:Bounds height="14.0" width="100.0" x="500.0" y="259.0"></omgdc:Bounds>
        </bpmndi:BPMNLabel>
      </bpmndi:BPMNEdge>
    </bpmndi:BPMNPlane>
  </bpmndi:BPMNDiagram>
</definitions>